<?xml version="1.0" encoding="UTF-8"?>
<!-- Generated by org.testng.reporters.JUnitReportReporter -->
<testsuite hostname="DESKTOP-A15AP0F" name="PracticeDemo.validateTest" tests="1" failures="0" timestamp="28 Feb 2021 14:44:02 GMT" time="0.280" errors="0">
  <testcase name="calling" time="0.280" classname="PracticeDemo.validateTest"/>
</testsuite> <!-- PracticeDemo.validateTest -->
