<?xml version="1.0" encoding="UTF-8"?>
<!-- Generated by org.testng.reporters.JUnitReportReporter -->
<testsuite hostname="DESKTOP-A15AP0F" name="PracticeDemo.BasicPageDemo" tests="2" failures="0" timestamp="28 Feb 2021 14:44:02 GMT" time="51.633" errors="0">
  <testcase name="calling" time="38.562" classname="PracticeDemo.BasicPageDemo"/>
  <testcase name="calling" time="13.071" classname="PracticeDemo.BasicPageDemo"/>
</testsuite> <!-- PracticeDemo.BasicPageDemo -->
